[2025-08-04 17:20:07] ğŸ§ª Starting rollback procedures testing...
[2025-08-04 17:20:07] ğŸ”§ Setting up test environment...
[2025-08-04 17:20:08] Test database already exists
[2025-08-04 17:20:08] Backup creation skipped
[2025-08-04 17:20:08] âœ… Test environment ready
[2025-08-04 17:20:08] ğŸ”„ Running test_feature_flag_rollback...
[2025-08-04 17:20:08] ğŸ§ª Testing feature flag rollback...
[2025-08-04 17:20:08] âŒ Feature flag rollback test failed
[2025-08-04 17:20:08] âŒ test_feature_flag_rollback FAILED
[2025-08-04 17:20:08] ğŸ”„ Running test_emergency_rollback...
[2025-08-04 17:20:08] ğŸ§ª Testing emergency rollback simulation...
[2025-08-04 17:20:08] âŒ Emergency rollback simulation failed
[2025-08-04 17:20:08] âŒ test_emergency_rollback FAILED
[2025-08-04 17:20:08] ğŸ”„ Running test_database_rollback...
[2025-08-04 17:20:08] ğŸ§ª Testing database rollback simulation...
[2025-08-04 17:20:08] Test data creation skipped
[2025-08-04 17:20:08] âŒ Database rollback test failed (count: )
[2025-08-04 17:20:08] âŒ test_database_rollback FAILED
[2025-08-04 17:20:08] ğŸ”„ Running test_rollback_verification...
[2025-08-04 17:20:08] ğŸ§ª Testing rollback verification...
[2025-08-04 17:20:09] âœ… Rollback verification test passed (real server)
[2025-08-04 17:20:09] âœ… test_rollback_verification PASSED
[2025-08-04 17:20:09] ğŸ”„ Running test_backup_branch_safety...
[2025-08-04 17:20:09] ğŸ§ª Testing backup branch safety...
[2025-08-04 17:20:09] âœ… No dangerous force push operations found
[2025-08-04 17:20:09] âœ… test_backup_branch_safety PASSED
[2025-08-04 17:20:09] ğŸ”„ Running test_error_handling...
[2025-08-04 17:20:09] ğŸ§ª Testing error handling...
[2025-08-04 17:20:09] âœ… Error handling test passed (correctly failed)
[2025-08-04 17:20:09] âœ… test_error_handling PASSED
[2025-08-04 17:20:09] ğŸ§¹ Cleaning up test environment...
[2025-08-04 17:20:09] Test database cleanup skipped
[2025-08-04 17:20:09] Test branch cleanup skipped
[2025-08-04 17:20:09] Remote test branch cleanup skipped
[2025-08-04 17:20:09] âœ… Cleanup completed
[2025-08-04 17:20:09] ğŸ“Š TEST RESULTS:
[2025-08-04 17:20:09] âœ… Passed: 3
[2025-08-04 17:20:09] âŒ Failed: 3
[2025-08-04 17:20:09] ğŸ“ Full log: ./logs/rollback-test-20250804-172007.log
[2025-08-04 17:20:09] ğŸš¨ Some rollback tests FAILED!
